app/build/intermediates/manifest_merge_blame_file/debug/manifest-merger-blame-debug-report.txt
1<?xml version="1.0" encoding="utf-8"?>
2<manifest xmlns:android="http://schemas.android.com/apk/res/android"
3    package="com.left.drawingboard"
4    android:versionCode="1"
5    android:versionName="1.0" >
6
7    <uses-sdk
8        android:minSdkVersion="23"
8-->src\main\AndroidManifest.xml
9        android:targetSdkVersion="26" />
9-->src\main\AndroidManifest.xml
10
11    <!-- 从sdcard中读取数据的权限 -->
12    <uses-permission android:name="android.permission.READ_EXTERNAL_STORAGE" />
12-->src\main\AndroidManifest.xml:6:5-80
12-->src\main\AndroidManifest.xml:6:22-77
13    <!-- 往sdcard中写入数据的权限 -->
14    <uses-permission android:name="android.permission.WRITE_EXTERNAL_STORAGE" />
14-->src\main\AndroidManifest.xml:8:5-81
14-->src\main\AndroidManifest.xml:8:22-78
15
16    <application
16-->src\main\AndroidManifest.xml:11:5-34:19
17        android:allowBackup="true"
17-->src\main\AndroidManifest.xml:12:9-35
18        android:debuggable="true"
19        android:extractNativeLibs="false"
20        android:icon="@drawable/icon"
20-->src\main\AndroidManifest.xml:13:9-38
21        android:label="@string/app_name"
21-->src\main\AndroidManifest.xml:14:9-41
22        android:supportsRtl="true"
22-->src\main\AndroidManifest.xml:15:9-35
23        android:testOnly="true"
24        android:theme="@style/AppTheme" >
24-->src\main\AndroidManifest.xml:16:9-40
25        <activity android:name="com.left.drawingboard.MainActivity" >
25-->src\main\AndroidManifest.xml:17:9-23:20
25-->src\main\AndroidManifest.xml:17:19-47
26            <intent-filter>
26-->src\main\AndroidManifest.xml:18:13-22:29
27                <action android:name="android.intent.action.MAIN" />
27-->src\main\AndroidManifest.xml:19:17-69
27-->src\main\AndroidManifest.xml:19:25-66
28
29                <category android:name="android.intent.category.LAUNCHER" />
29-->src\main\AndroidManifest.xml:21:17-77
29-->src\main\AndroidManifest.xml:21:27-74
30            </intent-filter>
31        </activity>
32
33        <service
33-->src\main\AndroidManifest.xml:24:9-27:19
34            android:name="com.left.drawingboard.Model.ModelExtractionService"
34-->src\main\AndroidManifest.xml:25:13-57
35            android:exported="false" >
35-->src\main\AndroidManifest.xml:26:13-37
36        </service>
37
38        <provider
38-->src\main\AndroidManifest.xml:28:9-33:20
39            android:name="com.left.drawingboard.Model.UserContentProvider"
39-->src\main\AndroidManifest.xml:29:13-75
40            android:authorities="snpe"
40-->src\main\AndroidManifest.xml:30:13-39
41            android:enabled="true"
41-->src\main\AndroidManifest.xml:31:13-35
42            android:exported="false" >
42-->src\main\AndroidManifest.xml:32:13-37
43        </provider>
44
45        <activity
45-->[com.yancy.imageselector:imageselector:1.3.0] AndroidManifest.xml:14:9-17:57
46            android:name="com.yancy.imageselector.ImageSelectorActivity"
46-->[com.yancy.imageselector:imageselector:1.3.0] AndroidManifest.xml:15:13-73
47            android:configChanges="orientation|screenSize"
47-->[com.yancy.imageselector:imageselector:1.3.0] AndroidManifest.xml:16:13-59
48            android:theme="@style/ImageSelectorTheme" />
48-->[com.yancy.imageselector:imageselector:1.3.0] AndroidManifest.xml:17:13-54
49
50        <meta-data
50-->[com.android.support:appcompat-v7:26.0.1] AndroidManifest.xml:26:9-28:38
51            android:name="android.support.VERSION"
51-->[com.android.support:appcompat-v7:26.0.1] AndroidManifest.xml:27:13-51
52            android:value="26.0.1" />
52-->[com.android.support:appcompat-v7:26.0.1] AndroidManifest.xml:28:13-35
53    </application>
54
55</manifest>